<?xml version="1.0" encoding="UTF-8"?>
<testng-results ignored="0" total="1" passed="1" failed="0" skipped="0">
  <reporter-output>
  </reporter-output>
  <suite started-at="2024-04-19T21:13:06 IST" name="Default suite" finished-at="2024-04-19T21:13:14 IST" duration-ms="7870">
    <groups>
    </groups>
    <test started-at="2024-04-19T21:13:06 IST" name="Default test" finished-at="2024-04-19T21:13:14 IST" duration-ms="7870">
      <class name="testpkg.Thirdpagetest">
        <test-method is-config="true" signature="setup()[pri:0, instance:testpkg.Thirdpagetest@2e385cce]" started-at="2024-04-19T21:13:06 IST" name="setup" finished-at="2024-04-19T21:13:12 IST" duration-ms="5554" status="PASS">
          <reporter-output>
          </reporter-output>
        </test-method> <!-- setup -->
        <test-method signature="test()[pri:0, instance:testpkg.Thirdpagetest@2e385cce]" started-at="2024-04-19T21:13:12 IST" name="test" finished-at="2024-04-19T21:13:14 IST" duration-ms="2259" status="PASS">
          <reporter-output>
          </reporter-output>
        </test-method> <!-- test -->
      </class> <!-- testpkg.Thirdpagetest -->
    </test> <!-- Default test -->
  </suite> <!-- Default suite -->
</testng-results>
